***************** Login with different credentials ************************
Clicking on sign-in button
Entered Username :abccba@gmail.com
Entered Password :P@ssw0rd
Clicking on login button
log out is displayed....
Successfull login
Clicking on log out link
***************** Login with different credentials ************************
Clicking on sign-in button
Entered Username :pratiksha@gmail.com
Entered Password :qwerty
Clicking on login button
log out is displayed....
Successfull login
Clicking on log out link
clicking on sign in button...
enetering email address...
clicking on create account button...
***************** Login with different credentials ************************
Clicking on sign-in button
Entered Username :abccba@gmail.com
Entered Password :P@ssw0rd
Clicking on login button
log out is displayed....
Successfull login
Clicking on log out link
***************** Login with different credentials ************************
***************** Create new user ************************
clicking on sign in button...
***************** Login with different credentials ************************
Clicking on sign-in button
Entered Username :abccba@gmail.com
Entered Password :P@ssw0rd
Clicking on login button
log out is not displayed
Error while login as log out link is not displayed
***************** Login with different credentials ************************
***************** Create new user ************************
clicking on sign in button...
***************** Login with different credentials ************************
***************** Login with different credentials ************************
***************** Create new user ************************
clicking on sign in button...
enetering email address...
clicking on create account button...
